Copyright 1986-2015 Xilinx, Inc. All Rights Reserved.
------------------------------------------------------------------------------------
| Tool Version : Vivado v.2015.4 (lin64) Build 1412921 Wed Nov 18 09:44:32 MST 2015
| Date         : Sat Mar 25 16:28:50 2017
| Host         : sefo-MS-7641 running 64-bit Ubuntu 16.04.1 LTS
| Command      : report_drc
------------------------------------------------------------------------------------

Report DRC

Table of Contents
-----------------
1. REPORT SUMMARY
2. REPORT DETAILS

1. REPORT SUMMARY
-----------------
            Netlist: netlist
          Floorplan: design_1
      Design limits: <entire design considered>
           Ruledeck: default
             Max violations: <unlimited>
             Violations found: 44

2. REPORT DETAILS
-----------------
DPIP-1#1 Warning
Input pipelining  
DSP i_system_wrapper/system_i/morphological_filter_0/inst/morphological_filter_Loop_loop_height_proc_U0/morphological_filter_dmul_64ns_64ns_64_6_max_dsp_U1/morphological_filter_ap_dmul_4_max_dsp_64_u/U0/i_synth/MULT.OP/MULT/DSP48E1_SPD_DBL_VARIANT.FIX_MULT/DSP0/DSP input i_system_wrapper/system_i/morphological_filter_0/inst/morphological_filter_Loop_loop_height_proc_U0/morphological_filter_dmul_64ns_64ns_64_6_max_dsp_U1/morphological_filter_ap_dmul_4_max_dsp_64_u/U0/i_synth/MULT.OP/MULT/DSP48E1_SPD_DBL_VARIANT.FIX_MULT/DSP0/DSP/A[29:0] is not pipelined. Pipelining DSP48 input will improve performance.
Related violations: <none>

DPIP-1#2 Warning
Input pipelining  
DSP i_system_wrapper/system_i/morphological_filter_0/inst/morphological_filter_Loop_loop_height_proc_U0/morphological_filter_dmul_64ns_64ns_64_6_max_dsp_U1/morphological_filter_ap_dmul_4_max_dsp_64_u/U0/i_synth/MULT.OP/MULT/DSP48E1_SPD_DBL_VARIANT.FIX_MULT/DSP1/DSP input i_system_wrapper/system_i/morphological_filter_0/inst/morphological_filter_Loop_loop_height_proc_U0/morphological_filter_dmul_64ns_64ns_64_6_max_dsp_U1/morphological_filter_ap_dmul_4_max_dsp_64_u/U0/i_synth/MULT.OP/MULT/DSP48E1_SPD_DBL_VARIANT.FIX_MULT/DSP1/DSP/A[29:0] is not pipelined. Pipelining DSP48 input will improve performance.
Related violations: <none>

DPIP-1#3 Warning
Input pipelining  
DSP i_system_wrapper/system_i/morphological_filter_0/inst/morphological_filter_Loop_loop_height_proc_U0/morphological_filter_dmul_64ns_64ns_64_6_max_dsp_U1/morphological_filter_ap_dmul_4_max_dsp_64_u/U0/i_synth/MULT.OP/MULT/DSP48E1_SPD_DBL_VARIANT.FIX_MULT/DSP2/DSP input i_system_wrapper/system_i/morphological_filter_0/inst/morphological_filter_Loop_loop_height_proc_U0/morphological_filter_dmul_64ns_64ns_64_6_max_dsp_U1/morphological_filter_ap_dmul_4_max_dsp_64_u/U0/i_synth/MULT.OP/MULT/DSP48E1_SPD_DBL_VARIANT.FIX_MULT/DSP2/DSP/A[29:0] is not pipelined. Pipelining DSP48 input will improve performance.
Related violations: <none>

DPIP-1#4 Warning
Input pipelining  
DSP i_system_wrapper/system_i/morphological_filter_0/inst/morphological_filter_Loop_loop_height_proc_U0/morphological_filter_dmul_64ns_64ns_64_6_max_dsp_U1/morphological_filter_ap_dmul_4_max_dsp_64_u/U0/i_synth/MULT.OP/R_AND_R/LOGIC.R_AND_R/DSP48_E1.DSP48E1_ADD.DSP48E1_ADD/DSP input i_system_wrapper/system_i/morphological_filter_0/inst/morphological_filter_Loop_loop_height_proc_U0/morphological_filter_dmul_64ns_64ns_64_6_max_dsp_U1/morphological_filter_ap_dmul_4_max_dsp_64_u/U0/i_synth/MULT.OP/R_AND_R/LOGIC.R_AND_R/DSP48_E1.DSP48E1_ADD.DSP48E1_ADD/DSP/B[17:0] is not pipelined. Pipelining DSP48 input will improve performance.
Related violations: <none>

DPIP-1#5 Warning
Input pipelining  
DSP i_system_wrapper/system_i/morphological_filter_0/inst/morphological_filter_Loop_loop_height_proc_U0/morphological_filter_dmul_64ns_64ns_64_6_max_dsp_U1/morphological_filter_ap_dmul_4_max_dsp_64_u/U0/i_synth/MULT.OP/R_AND_R/LOGIC.R_AND_R/DSP48_E1.DSP48E1_ADD.DSP48E1_ADD/DSP input i_system_wrapper/system_i/morphological_filter_0/inst/morphological_filter_Loop_loop_height_proc_U0/morphological_filter_dmul_64ns_64ns_64_6_max_dsp_U1/morphological_filter_ap_dmul_4_max_dsp_64_u/U0/i_synth/MULT.OP/R_AND_R/LOGIC.R_AND_R/DSP48_E1.DSP48E1_ADD.DSP48E1_ADD/DSP/C[47:0] is not pipelined. Pipelining DSP48 input will improve performance.
Related violations: <none>

DPIP-1#6 Warning
Input pipelining  
DSP i_system_wrapper/system_i/morphological_filter_0/inst/morphological_filter_Loop_loop_height_proc_U0/tmp_9_i_i_reg_4062_reg input i_system_wrapper/system_i/morphological_filter_0/inst/morphological_filter_Loop_loop_height_proc_U0/tmp_9_i_i_reg_4062_reg/A[29:0] is not pipelined. Pipelining DSP48 input will improve performance.
Related violations: <none>

DPOP-1#1 Warning
PREG Output pipelining  
DSP i_system_wrapper/system_i/disparity_pixel_coprocessor_0/inst/disparity_pixel_coprocessor_mul_5ns_32s_32_3_U1/disparity_pixel_coprocessor_mul_5ns_32s_32_3_Mul3S_0_U/tmp_product output i_system_wrapper/system_i/disparity_pixel_coprocessor_0/inst/disparity_pixel_coprocessor_mul_5ns_32s_32_3_U1/disparity_pixel_coprocessor_mul_5ns_32s_32_3_Mul3S_0_U/tmp_product/P[47:0] is not pipelined (PREG=0). Pipelining the DSP48 output will improve performance and often saves power so it is suggested whenever possible to fully pipeline this function.  If this DSP48 function was inferred, it is suggested to describe an additional register stage after this function.  If the DSP48 was instantiated in the design, it is suggested to set the PREG attribute to 1.
Related violations: <none>

DPOP-1#2 Warning
PREG Output pipelining  
DSP i_system_wrapper/system_i/morphological_filter_0/inst/morphological_filter_Loop_loop_height_proc_U0/morphological_filter_dmul_64ns_64ns_64_6_max_dsp_U1/morphological_filter_ap_dmul_4_max_dsp_64_u/U0/i_synth/MULT.OP/MULT/DSP48E1_SPD_DBL_VARIANT.FIX_MULT/DSP0/DSP output i_system_wrapper/system_i/morphological_filter_0/inst/morphological_filter_Loop_loop_height_proc_U0/morphological_filter_dmul_64ns_64ns_64_6_max_dsp_U1/morphological_filter_ap_dmul_4_max_dsp_64_u/U0/i_synth/MULT.OP/MULT/DSP48E1_SPD_DBL_VARIANT.FIX_MULT/DSP0/DSP/PATTERNDETECT is not pipelined (PREG=0). Pipelining the DSP48 output will improve performance and often saves power so it is suggested whenever possible to fully pipeline this function.  If this DSP48 function was inferred, it is suggested to describe an additional register stage after this function.  If the DSP48 was instantiated in the design, it is suggested to set the PREG attribute to 1.
Related violations: <none>

DPOP-1#3 Warning
PREG Output pipelining  
DSP i_system_wrapper/system_i/morphological_filter_0/inst/morphological_filter_Loop_loop_height_proc_U0/morphological_filter_dmul_64ns_64ns_64_6_max_dsp_U1/morphological_filter_ap_dmul_4_max_dsp_64_u/U0/i_synth/MULT.OP/MULT/DSP48E1_SPD_DBL_VARIANT.FIX_MULT/DSP2/DSP output i_system_wrapper/system_i/morphological_filter_0/inst/morphological_filter_Loop_loop_height_proc_U0/morphological_filter_dmul_64ns_64ns_64_6_max_dsp_U1/morphological_filter_ap_dmul_4_max_dsp_64_u/U0/i_synth/MULT.OP/MULT/DSP48E1_SPD_DBL_VARIANT.FIX_MULT/DSP2/DSP/PATTERNDETECT is not pipelined (PREG=0). Pipelining the DSP48 output will improve performance and often saves power so it is suggested whenever possible to fully pipeline this function.  If this DSP48 function was inferred, it is suggested to describe an additional register stage after this function.  If the DSP48 was instantiated in the design, it is suggested to set the PREG attribute to 1.
Related violations: <none>

DPOP-1#4 Warning
PREG Output pipelining  
DSP i_system_wrapper/system_i/morphological_filter_0/inst/morphological_filter_Loop_loop_height_proc_U0/morphological_filter_dmul_64ns_64ns_64_6_max_dsp_U1/morphological_filter_ap_dmul_4_max_dsp_64_u/U0/i_synth/MULT.OP/MULT/DSP48E1_SPD_DBL_VARIANT.FIX_MULT/DSP7/DSP output i_system_wrapper/system_i/morphological_filter_0/inst/morphological_filter_Loop_loop_height_proc_U0/morphological_filter_dmul_64ns_64ns_64_6_max_dsp_U1/morphological_filter_ap_dmul_4_max_dsp_64_u/U0/i_synth/MULT.OP/MULT/DSP48E1_SPD_DBL_VARIANT.FIX_MULT/DSP7/DSP/P[47:0] is not pipelined (PREG=0). Pipelining the DSP48 output will improve performance and often saves power so it is suggested whenever possible to fully pipeline this function.  If this DSP48 function was inferred, it is suggested to describe an additional register stage after this function.  If the DSP48 was instantiated in the design, it is suggested to set the PREG attribute to 1.
Related violations: <none>

DPOP-1#5 Warning
PREG Output pipelining  
DSP i_system_wrapper/system_i/morphological_filter_0/inst/morphological_filter_Loop_loop_height_proc_U0/morphological_filter_dmul_64ns_64ns_64_6_max_dsp_U1/morphological_filter_ap_dmul_4_max_dsp_64_u/U0/i_synth/MULT.OP/MULT/DSP48E1_SPD_DBL_VARIANT.FIX_MULT/DSP8/DSP output i_system_wrapper/system_i/morphological_filter_0/inst/morphological_filter_Loop_loop_height_proc_U0/morphological_filter_dmul_64ns_64ns_64_6_max_dsp_U1/morphological_filter_ap_dmul_4_max_dsp_64_u/U0/i_synth/MULT.OP/MULT/DSP48E1_SPD_DBL_VARIANT.FIX_MULT/DSP8/DSP/P[47:0] is not pipelined (PREG=0). Pipelining the DSP48 output will improve performance and often saves power so it is suggested whenever possible to fully pipeline this function.  If this DSP48 function was inferred, it is suggested to describe an additional register stage after this function.  If the DSP48 was instantiated in the design, it is suggested to set the PREG attribute to 1.
Related violations: <none>

DPOP-1#6 Warning
PREG Output pipelining  
DSP i_system_wrapper/system_i/morphological_filter_0/inst/morphological_filter_Loop_loop_height_proc_U0/morphological_filter_dmul_64ns_64ns_64_6_max_dsp_U1/morphological_filter_ap_dmul_4_max_dsp_64_u/U0/i_synth/MULT.OP/R_AND_R/LOGIC.R_AND_R/DSP48_E1.DSP48E1_ADD.DSP48E1_ADD/DSP output i_system_wrapper/system_i/morphological_filter_0/inst/morphological_filter_Loop_loop_height_proc_U0/morphological_filter_dmul_64ns_64ns_64_6_max_dsp_U1/morphological_filter_ap_dmul_4_max_dsp_64_u/U0/i_synth/MULT.OP/R_AND_R/LOGIC.R_AND_R/DSP48_E1.DSP48E1_ADD.DSP48E1_ADD/DSP/P[47:0] is not pipelined (PREG=0). Pipelining the DSP48 output will improve performance and often saves power so it is suggested whenever possible to fully pipeline this function.  If this DSP48 function was inferred, it is suggested to describe an additional register stage after this function.  If the DSP48 was instantiated in the design, it is suggested to set the PREG attribute to 1.
Related violations: <none>

DPOP-1#7 Warning
PREG Output pipelining  
DSP i_system_wrapper/system_i/morphological_filter_0/inst/morphological_filter_Loop_loop_height_proc_U0/tmp_9_i_i_reg_4062_reg output i_system_wrapper/system_i/morphological_filter_0/inst/morphological_filter_Loop_loop_height_proc_U0/tmp_9_i_i_reg_4062_reg/P[47:0] is not pipelined (PREG=0). Pipelining the DSP48 output will improve performance and often saves power so it is suggested whenever possible to fully pipeline this function.  If this DSP48 function was inferred, it is suggested to describe an additional register stage after this function.  If the DSP48 was instantiated in the design, it is suggested to set the PREG attribute to 1.
Related violations: <none>

DPOP-2#1 Warning
MREG Output pipelining  
DSP i_system_wrapper/system_i/disparity_pixel_coprocessor_0/inst/disparity_pixel_coprocessor_mul_5ns_32s_32_3_U1/disparity_pixel_coprocessor_mul_5ns_32s_32_3_Mul3S_0_U/buff0_reg__0 multiplier stage i_system_wrapper/system_i/disparity_pixel_coprocessor_0/inst/disparity_pixel_coprocessor_mul_5ns_32s_32_3_U1/disparity_pixel_coprocessor_mul_5ns_32s_32_3_Mul3S_0_U/buff0_reg__0/P[47:0] is not pipelined (MREG=0). Pipelining the multiplier function will improve performance and will save significant power so it is suggested whenever possible to fully pipeline this function.  If this multiplier was inferred, it is suggested to describe an additional register stage after this function.  If there is no registered adder/accumulator following the multiply function, two pipeline stages are suggested to allow both the MREG and PREG registers to be used.  If the DSP48 was instantiated in the design, it is suggested to set both the MREG and PREG attributes to 1 when performing multiply functions.
Related violations: <none>

DPOP-2#2 Warning
MREG Output pipelining  
DSP i_system_wrapper/system_i/disparity_pixel_coprocessor_0/inst/disparity_pixel_coprocessor_mul_5ns_32s_32_3_U1/disparity_pixel_coprocessor_mul_5ns_32s_32_3_Mul3S_0_U/tmp_product multiplier stage i_system_wrapper/system_i/disparity_pixel_coprocessor_0/inst/disparity_pixel_coprocessor_mul_5ns_32s_32_3_U1/disparity_pixel_coprocessor_mul_5ns_32s_32_3_Mul3S_0_U/tmp_product/P[47:0] is not pipelined (MREG=0). Pipelining the multiplier function will improve performance and will save significant power so it is suggested whenever possible to fully pipeline this function.  If this multiplier was inferred, it is suggested to describe an additional register stage after this function.  If there is no registered adder/accumulator following the multiply function, two pipeline stages are suggested to allow both the MREG and PREG registers to be used.  If the DSP48 was instantiated in the design, it is suggested to set both the MREG and PREG attributes to 1 when performing multiply functions.
Related violations: <none>

DPOP-2#3 Warning
MREG Output pipelining  
DSP i_system_wrapper/system_i/morphological_filter_0/inst/morphological_filter_Loop_loop_height_proc_U0/morphological_filter_dmul_64ns_64ns_64_6_max_dsp_U1/morphological_filter_ap_dmul_4_max_dsp_64_u/U0/i_synth/MULT.OP/MULT/DSP48E1_SPD_DBL_VARIANT.FIX_MULT/DSP0/DSP multiplier stage i_system_wrapper/system_i/morphological_filter_0/inst/morphological_filter_Loop_loop_height_proc_U0/morphological_filter_dmul_64ns_64ns_64_6_max_dsp_U1/morphological_filter_ap_dmul_4_max_dsp_64_u/U0/i_synth/MULT.OP/MULT/DSP48E1_SPD_DBL_VARIANT.FIX_MULT/DSP0/DSP/PATTERNDETECT is not pipelined (MREG=0). Pipelining the multiplier function will improve performance and will save significant power so it is suggested whenever possible to fully pipeline this function.  If this multiplier was inferred, it is suggested to describe an additional register stage after this function.  If there is no registered adder/accumulator following the multiply function, two pipeline stages are suggested to allow both the MREG and PREG registers to be used.  If the DSP48 was instantiated in the design, it is suggested to set both the MREG and PREG attributes to 1 when performing multiply functions.
Related violations: <none>

DPOP-2#4 Warning
MREG Output pipelining  
DSP i_system_wrapper/system_i/morphological_filter_0/inst/morphological_filter_Loop_loop_height_proc_U0/morphological_filter_dmul_64ns_64ns_64_6_max_dsp_U1/morphological_filter_ap_dmul_4_max_dsp_64_u/U0/i_synth/MULT.OP/MULT/DSP48E1_SPD_DBL_VARIANT.FIX_MULT/DSP5/DSP multiplier stage i_system_wrapper/system_i/morphological_filter_0/inst/morphological_filter_Loop_loop_height_proc_U0/morphological_filter_dmul_64ns_64ns_64_6_max_dsp_U1/morphological_filter_ap_dmul_4_max_dsp_64_u/U0/i_synth/MULT.OP/MULT/DSP48E1_SPD_DBL_VARIANT.FIX_MULT/DSP5/DSP/PATTERNDETECT is not pipelined (MREG=0). Pipelining the multiplier function will improve performance and will save significant power so it is suggested whenever possible to fully pipeline this function.  If this multiplier was inferred, it is suggested to describe an additional register stage after this function.  If there is no registered adder/accumulator following the multiply function, two pipeline stages are suggested to allow both the MREG and PREG registers to be used.  If the DSP48 was instantiated in the design, it is suggested to set both the MREG and PREG attributes to 1 when performing multiply functions.
Related violations: <none>

DPOP-2#5 Warning
MREG Output pipelining  
DSP i_system_wrapper/system_i/morphological_filter_0/inst/morphological_filter_Loop_loop_height_proc_U0/morphological_filter_dmul_64ns_64ns_64_6_max_dsp_U1/morphological_filter_ap_dmul_4_max_dsp_64_u/U0/i_synth/MULT.OP/MULT/DSP48E1_SPD_DBL_VARIANT.FIX_MULT/DSP7/DSP multiplier stage i_system_wrapper/system_i/morphological_filter_0/inst/morphological_filter_Loop_loop_height_proc_U0/morphological_filter_dmul_64ns_64ns_64_6_max_dsp_U1/morphological_filter_ap_dmul_4_max_dsp_64_u/U0/i_synth/MULT.OP/MULT/DSP48E1_SPD_DBL_VARIANT.FIX_MULT/DSP7/DSP/P[47:0] is not pipelined (MREG=0). Pipelining the multiplier function will improve performance and will save significant power so it is suggested whenever possible to fully pipeline this function.  If this multiplier was inferred, it is suggested to describe an additional register stage after this function.  If there is no registered adder/accumulator following the multiply function, two pipeline stages are suggested to allow both the MREG and PREG registers to be used.  If the DSP48 was instantiated in the design, it is suggested to set both the MREG and PREG attributes to 1 when performing multiply functions.
Related violations: <none>

DPOP-2#6 Warning
MREG Output pipelining  
DSP i_system_wrapper/system_i/morphological_filter_0/inst/morphological_filter_Loop_loop_height_proc_U0/morphological_filter_dmul_64ns_64ns_64_6_max_dsp_U1/morphological_filter_ap_dmul_4_max_dsp_64_u/U0/i_synth/MULT.OP/MULT/DSP48E1_SPD_DBL_VARIANT.FIX_MULT/DSP8/DSP multiplier stage i_system_wrapper/system_i/morphological_filter_0/inst/morphological_filter_Loop_loop_height_proc_U0/morphological_filter_dmul_64ns_64ns_64_6_max_dsp_U1/morphological_filter_ap_dmul_4_max_dsp_64_u/U0/i_synth/MULT.OP/MULT/DSP48E1_SPD_DBL_VARIANT.FIX_MULT/DSP8/DSP/P[47:0] is not pipelined (MREG=0). Pipelining the multiplier function will improve performance and will save significant power so it is suggested whenever possible to fully pipeline this function.  If this multiplier was inferred, it is suggested to describe an additional register stage after this function.  If there is no registered adder/accumulator following the multiply function, two pipeline stages are suggested to allow both the MREG and PREG registers to be used.  If the DSP48 was instantiated in the design, it is suggested to set both the MREG and PREG attributes to 1 when performing multiply functions.
Related violations: <none>

DPOP-2#7 Warning
MREG Output pipelining  
DSP i_system_wrapper/system_i/morphological_filter_0/inst/morphological_filter_Loop_loop_height_proc_U0/morphological_filter_dmul_64ns_64ns_64_6_max_dsp_U1/morphological_filter_ap_dmul_4_max_dsp_64_u/U0/i_synth/MULT.OP/MULT/DSP48E1_SPD_DBL_VARIANT.FIX_MULT/FULL_MAX_USAGE.DSP9/DSP multiplier stage i_system_wrapper/system_i/morphological_filter_0/inst/morphological_filter_Loop_loop_height_proc_U0/morphological_filter_dmul_64ns_64ns_64_6_max_dsp_U1/morphological_filter_ap_dmul_4_max_dsp_64_u/U0/i_synth/MULT.OP/MULT/DSP48E1_SPD_DBL_VARIANT.FIX_MULT/FULL_MAX_USAGE.DSP9/DSP/P[47:0] is not pipelined (MREG=0). Pipelining the multiplier function will improve performance and will save significant power so it is suggested whenever possible to fully pipeline this function.  If this multiplier was inferred, it is suggested to describe an additional register stage after this function.  If there is no registered adder/accumulator following the multiply function, two pipeline stages are suggested to allow both the MREG and PREG registers to be used.  If the DSP48 was instantiated in the design, it is suggested to set both the MREG and PREG attributes to 1 when performing multiply functions.
Related violations: <none>

PLIO-7#1 Warning
Placement Constraints Check for IO constraints  
An IO Bus fixed_io_mio[53:0] with more than one IO standard is found. Components associated with this bus are: LVCMOS18 (fixed_io_mio[53], fixed_io_mio[52], fixed_io_mio[51], fixed_io_mio[50], fixed_io_mio[49], fixed_io_mio[48], fixed_io_mio[47], fixed_io_mio[46], fixed_io_mio[45], fixed_io_mio[44], fixed_io_mio[43], fixed_io_mio[42], fixed_io_mio[41], fixed_io_mio[40], fixed_io_mio[39] (the first 15 of 38 listed)); LVCMOS33 (fixed_io_mio[15], fixed_io_mio[14], fixed_io_mio[13], fixed_io_mio[12], fixed_io_mio[11], fixed_io_mio[10], fixed_io_mio[9], fixed_io_mio[8], fixed_io_mio[7], fixed_io_mio[6], fixed_io_mio[5], fixed_io_mio[4], fixed_io_mio[3], fixed_io_mio[2], fixed_io_mio[1] (the first 15 of 16 listed)); 
Related violations: <none>

PLIO-7#2 Warning
Placement Constraints Check for IO constraints  
An IO Bus gpio_bd[31:0] with more than one IO standard is found. Components associated with this bus are: LVCMOS25 (gpio_bd[31], gpio_bd[30], gpio_bd[29], gpio_bd[28], gpio_bd[27], gpio_bd[18], gpio_bd[17], gpio_bd[16], gpio_bd[15], gpio_bd[14], gpio_bd[13], gpio_bd[12], gpio_bd[11], gpio_bd[4], gpio_bd[3] (the first 15 of 18 listed)); LVCMOS33 (gpio_bd[26], gpio_bd[25], gpio_bd[24], gpio_bd[23], gpio_bd[22], gpio_bd[21], gpio_bd[20], gpio_bd[19], gpio_bd[10], gpio_bd[9], gpio_bd[8], gpio_bd[7], gpio_bd[6], gpio_bd[5]); 
Related violations: <none>

REQP-125#1 Warning
connects_CLKINSEL_both_active  
i_system_wrapper/system_i/axi_hdmi_clkgen/inst/i_mmcm_drp/i_mmcm: The MMCME2_ADV has an active CLKINSEL, but the CLKIN1 and CLKIN2 pins are not both active.
Related violations: <none>

AVAL-4#1 Advisory
enum_USE_DPORT_FALSE_enum_DREG_ADREG_0_connects_CED_CEAD_RSTD_GND  
i_system_wrapper/system_i/axi_hdmi_core/inst/i_tx_core/i_csc_RGB2CrYCb/i_csc_1_Cb/i_mul_c1/i_mult_macro/dsp_v5_1.DSP48_V5_1: DSP48E1 is not using the D port (USE_DPORT = FALSE). For improved power characteristics, set DREG and ADREG to '1', tie CED, CEAD, and RSTD to logic '0'.
Related violations: <none>

AVAL-4#2 Advisory
enum_USE_DPORT_FALSE_enum_DREG_ADREG_0_connects_CED_CEAD_RSTD_GND  
i_system_wrapper/system_i/axi_hdmi_core/inst/i_tx_core/i_csc_RGB2CrYCb/i_csc_1_Cb/i_mul_c2/i_mult_macro/dsp_v5_1.DSP48_V5_1: DSP48E1 is not using the D port (USE_DPORT = FALSE). For improved power characteristics, set DREG and ADREG to '1', tie CED, CEAD, and RSTD to logic '0'.
Related violations: <none>

AVAL-4#3 Advisory
enum_USE_DPORT_FALSE_enum_DREG_ADREG_0_connects_CED_CEAD_RSTD_GND  
i_system_wrapper/system_i/axi_hdmi_core/inst/i_tx_core/i_csc_RGB2CrYCb/i_csc_1_Cb/i_mul_c3/i_mult_macro/dsp_v5_1.DSP48_V5_1: DSP48E1 is not using the D port (USE_DPORT = FALSE). For improved power characteristics, set DREG and ADREG to '1', tie CED, CEAD, and RSTD to logic '0'.
Related violations: <none>

AVAL-4#4 Advisory
enum_USE_DPORT_FALSE_enum_DREG_ADREG_0_connects_CED_CEAD_RSTD_GND  
i_system_wrapper/system_i/axi_hdmi_core/inst/i_tx_core/i_csc_RGB2CrYCb/i_csc_1_Cr/i_mul_c1/i_mult_macro/dsp_v5_1.DSP48_V5_1: DSP48E1 is not using the D port (USE_DPORT = FALSE). For improved power characteristics, set DREG and ADREG to '1', tie CED, CEAD, and RSTD to logic '0'.
Related violations: <none>

AVAL-4#5 Advisory
enum_USE_DPORT_FALSE_enum_DREG_ADREG_0_connects_CED_CEAD_RSTD_GND  
i_system_wrapper/system_i/axi_hdmi_core/inst/i_tx_core/i_csc_RGB2CrYCb/i_csc_1_Cr/i_mul_c2/i_mult_macro/dsp_v5_1.DSP48_V5_1: DSP48E1 is not using the D port (USE_DPORT = FALSE). For improved power characteristics, set DREG and ADREG to '1', tie CED, CEAD, and RSTD to logic '0'.
Related violations: <none>

AVAL-4#6 Advisory
enum_USE_DPORT_FALSE_enum_DREG_ADREG_0_connects_CED_CEAD_RSTD_GND  
i_system_wrapper/system_i/axi_hdmi_core/inst/i_tx_core/i_csc_RGB2CrYCb/i_csc_1_Cr/i_mul_c3/i_mult_macro/dsp_v5_1.DSP48_V5_1: DSP48E1 is not using the D port (USE_DPORT = FALSE). For improved power characteristics, set DREG and ADREG to '1', tie CED, CEAD, and RSTD to logic '0'.
Related violations: <none>

AVAL-4#7 Advisory
enum_USE_DPORT_FALSE_enum_DREG_ADREG_0_connects_CED_CEAD_RSTD_GND  
i_system_wrapper/system_i/axi_hdmi_core/inst/i_tx_core/i_csc_RGB2CrYCb/i_csc_1_Y/i_mul_c1/i_mult_macro/dsp_v5_1.DSP48_V5_1: DSP48E1 is not using the D port (USE_DPORT = FALSE). For improved power characteristics, set DREG and ADREG to '1', tie CED, CEAD, and RSTD to logic '0'.
Related violations: <none>

AVAL-4#8 Advisory
enum_USE_DPORT_FALSE_enum_DREG_ADREG_0_connects_CED_CEAD_RSTD_GND  
i_system_wrapper/system_i/axi_hdmi_core/inst/i_tx_core/i_csc_RGB2CrYCb/i_csc_1_Y/i_mul_c2/i_mult_macro/dsp_v5_1.DSP48_V5_1: DSP48E1 is not using the D port (USE_DPORT = FALSE). For improved power characteristics, set DREG and ADREG to '1', tie CED, CEAD, and RSTD to logic '0'.
Related violations: <none>

AVAL-4#9 Advisory
enum_USE_DPORT_FALSE_enum_DREG_ADREG_0_connects_CED_CEAD_RSTD_GND  
i_system_wrapper/system_i/axi_hdmi_core/inst/i_tx_core/i_csc_RGB2CrYCb/i_csc_1_Y/i_mul_c3/i_mult_macro/dsp_v5_1.DSP48_V5_1: DSP48E1 is not using the D port (USE_DPORT = FALSE). For improved power characteristics, set DREG and ADREG to '1', tie CED, CEAD, and RSTD to logic '0'.
Related violations: <none>

AVAL-4#10 Advisory
enum_USE_DPORT_FALSE_enum_DREG_ADREG_0_connects_CED_CEAD_RSTD_GND  
i_system_wrapper/system_i/morphological_filter_0/inst/morphological_filter_Loop_loop_height_proc_U0/morphological_filter_dmul_64ns_64ns_64_6_max_dsp_U1/morphological_filter_ap_dmul_4_max_dsp_64_u/U0/i_synth/MULT.OP/MULT/DSP48E1_SPD_DBL_VARIANT.FIX_MULT/DSP0/DSP: DSP48E1 is not using the D port (USE_DPORT = FALSE). For improved power characteristics, set DREG and ADREG to '1', tie CED, CEAD, and RSTD to logic '0'.
Related violations: <none>

AVAL-4#11 Advisory
enum_USE_DPORT_FALSE_enum_DREG_ADREG_0_connects_CED_CEAD_RSTD_GND  
i_system_wrapper/system_i/morphological_filter_0/inst/morphological_filter_Loop_loop_height_proc_U0/morphological_filter_dmul_64ns_64ns_64_6_max_dsp_U1/morphological_filter_ap_dmul_4_max_dsp_64_u/U0/i_synth/MULT.OP/MULT/DSP48E1_SPD_DBL_VARIANT.FIX_MULT/DSP1/DSP: DSP48E1 is not using the D port (USE_DPORT = FALSE). For improved power characteristics, set DREG and ADREG to '1', tie CED, CEAD, and RSTD to logic '0'.
Related violations: <none>

AVAL-4#12 Advisory
enum_USE_DPORT_FALSE_enum_DREG_ADREG_0_connects_CED_CEAD_RSTD_GND  
i_system_wrapper/system_i/morphological_filter_0/inst/morphological_filter_Loop_loop_height_proc_U0/morphological_filter_dmul_64ns_64ns_64_6_max_dsp_U1/morphological_filter_ap_dmul_4_max_dsp_64_u/U0/i_synth/MULT.OP/MULT/DSP48E1_SPD_DBL_VARIANT.FIX_MULT/DSP2/DSP: DSP48E1 is not using the D port (USE_DPORT = FALSE). For improved power characteristics, set DREG and ADREG to '1', tie CED, CEAD, and RSTD to logic '0'.
Related violations: <none>

AVAL-4#13 Advisory
enum_USE_DPORT_FALSE_enum_DREG_ADREG_0_connects_CED_CEAD_RSTD_GND  
i_system_wrapper/system_i/morphological_filter_0/inst/morphological_filter_Loop_loop_height_proc_U0/morphological_filter_dmul_64ns_64ns_64_6_max_dsp_U1/morphological_filter_ap_dmul_4_max_dsp_64_u/U0/i_synth/MULT.OP/MULT/DSP48E1_SPD_DBL_VARIANT.FIX_MULT/DSP3/DSP: DSP48E1 is not using the D port (USE_DPORT = FALSE). For improved power characteristics, set DREG and ADREG to '1', tie CED, CEAD, and RSTD to logic '0'.
Related violations: <none>

AVAL-4#14 Advisory
enum_USE_DPORT_FALSE_enum_DREG_ADREG_0_connects_CED_CEAD_RSTD_GND  
i_system_wrapper/system_i/morphological_filter_0/inst/morphological_filter_Loop_loop_height_proc_U0/morphological_filter_dmul_64ns_64ns_64_6_max_dsp_U1/morphological_filter_ap_dmul_4_max_dsp_64_u/U0/i_synth/MULT.OP/MULT/DSP48E1_SPD_DBL_VARIANT.FIX_MULT/DSP4/DSP: DSP48E1 is not using the D port (USE_DPORT = FALSE). For improved power characteristics, set DREG and ADREG to '1', tie CED, CEAD, and RSTD to logic '0'.
Related violations: <none>

AVAL-4#15 Advisory
enum_USE_DPORT_FALSE_enum_DREG_ADREG_0_connects_CED_CEAD_RSTD_GND  
i_system_wrapper/system_i/morphological_filter_0/inst/morphological_filter_Loop_loop_height_proc_U0/morphological_filter_dmul_64ns_64ns_64_6_max_dsp_U1/morphological_filter_ap_dmul_4_max_dsp_64_u/U0/i_synth/MULT.OP/MULT/DSP48E1_SPD_DBL_VARIANT.FIX_MULT/DSP5/DSP: DSP48E1 is not using the D port (USE_DPORT = FALSE). For improved power characteristics, set DREG and ADREG to '1', tie CED, CEAD, and RSTD to logic '0'.
Related violations: <none>

AVAL-4#16 Advisory
enum_USE_DPORT_FALSE_enum_DREG_ADREG_0_connects_CED_CEAD_RSTD_GND  
i_system_wrapper/system_i/morphological_filter_0/inst/morphological_filter_Loop_loop_height_proc_U0/morphological_filter_dmul_64ns_64ns_64_6_max_dsp_U1/morphological_filter_ap_dmul_4_max_dsp_64_u/U0/i_synth/MULT.OP/MULT/DSP48E1_SPD_DBL_VARIANT.FIX_MULT/DSP6/DSP: DSP48E1 is not using the D port (USE_DPORT = FALSE). For improved power characteristics, set DREG and ADREG to '1', tie CED, CEAD, and RSTD to logic '0'.
Related violations: <none>

AVAL-4#17 Advisory
enum_USE_DPORT_FALSE_enum_DREG_ADREG_0_connects_CED_CEAD_RSTD_GND  
i_system_wrapper/system_i/morphological_filter_0/inst/morphological_filter_Loop_loop_height_proc_U0/morphological_filter_dmul_64ns_64ns_64_6_max_dsp_U1/morphological_filter_ap_dmul_4_max_dsp_64_u/U0/i_synth/MULT.OP/MULT/DSP48E1_SPD_DBL_VARIANT.FIX_MULT/DSP7/DSP: DSP48E1 is not using the D port (USE_DPORT = FALSE). For improved power characteristics, set DREG and ADREG to '1', tie CED, CEAD, and RSTD to logic '0'.
Related violations: <none>

AVAL-4#18 Advisory
enum_USE_DPORT_FALSE_enum_DREG_ADREG_0_connects_CED_CEAD_RSTD_GND  
i_system_wrapper/system_i/morphological_filter_0/inst/morphological_filter_Loop_loop_height_proc_U0/morphological_filter_dmul_64ns_64ns_64_6_max_dsp_U1/morphological_filter_ap_dmul_4_max_dsp_64_u/U0/i_synth/MULT.OP/MULT/DSP48E1_SPD_DBL_VARIANT.FIX_MULT/DSP8/DSP: DSP48E1 is not using the D port (USE_DPORT = FALSE). For improved power characteristics, set DREG and ADREG to '1', tie CED, CEAD, and RSTD to logic '0'.
Related violations: <none>

AVAL-4#19 Advisory
enum_USE_DPORT_FALSE_enum_DREG_ADREG_0_connects_CED_CEAD_RSTD_GND  
i_system_wrapper/system_i/morphological_filter_0/inst/morphological_filter_Loop_loop_height_proc_U0/morphological_filter_dmul_64ns_64ns_64_6_max_dsp_U1/morphological_filter_ap_dmul_4_max_dsp_64_u/U0/i_synth/MULT.OP/MULT/DSP48E1_SPD_DBL_VARIANT.FIX_MULT/FULL_MAX_USAGE.DSP9/DSP: DSP48E1 is not using the D port (USE_DPORT = FALSE). For improved power characteristics, set DREG and ADREG to '1', tie CED, CEAD, and RSTD to logic '0'.
Related violations: <none>

AVAL-4#20 Advisory
enum_USE_DPORT_FALSE_enum_DREG_ADREG_0_connects_CED_CEAD_RSTD_GND  
i_system_wrapper/system_i/morphological_filter_0/inst/morphological_filter_Loop_loop_height_proc_U0/morphological_filter_dmul_64ns_64ns_64_6_max_dsp_U1/morphological_filter_ap_dmul_4_max_dsp_64_u/U0/i_synth/MULT.OP/R_AND_R/LOGIC.R_AND_R/DSP48_E1.DSP48E1_ADD.DSP48E1_ADD/DSP: DSP48E1 is not using the D port (USE_DPORT = FALSE). For improved power characteristics, set DREG and ADREG to '1', tie CED, CEAD, and RSTD to logic '0'.
Related violations: <none>

AVAL-5#1 Advisory
enum_USE_MULT_NONE_enum_DREG_ADREG_0_connects_CED_CEAD_RSTD_GND  
i_system_wrapper/system_i/morphological_filter_0/inst/morphological_filter_Loop_loop_height_proc_U0/morphological_filter_dmul_64ns_64ns_64_6_max_dsp_U1/morphological_filter_ap_dmul_4_max_dsp_64_u/U0/i_synth/MULT.OP/R_AND_R/LOGIC.R_AND_R/DSP48_E1.DSP48E1_ADD.DSP48E1_ADD/DSP: DSP48E1 is not using the Multiplier (USE_MULT = NONE). For improved power characteristics, set DREG and ADREG to '1', tie CED, CEAD, and RSTD to logic '0'.
Related violations: <none>


