#-----------------------------------------------------------
# Webtalk v2015.4 (64-bit)
# SW Build 1412921 on Wed Nov 18 09:44:32 MST 2015
# 
# Start of session at: Wed Nov 30 14:59:25 2016
# Process ID: 6492
# Current directory: /home/sefo/devel/dev_boards/zedBoard/self-backed/hdl/projects/adv7511/zed/adv7511_zed.sdk/webtalk
# Command line: wbtcv -mode batch -source sdk_webtalk.tcl
# Log file: /home/sefo/devel/dev_boards/zedBoard/self-backed/hdl/projects/adv7511/zed/adv7511_zed.sdk/webtalk/webtalk.log
# Journal file: /home/sefo/devel/dev_boards/zedBoard/self-backed/hdl/projects/adv7511/zed/adv7511_zed.sdk/webtalk/webtalk.jou
#-----------------------------------------------------------
source sdk_webtalk.tcl
# webtalk_init -webtalk_dir /home/sefo/devel/dev_boards/zedBoard/self-backed/hdl/projects/adv7511/zed/adv7511_zed.sdk/webtalk
# webtalk_register_client -client project
# webtalk_add_data -client project -key date_generated -value "Mi Nov 30 14:59:24 2016" -context "software_version_and_target_device"
# webtalk_add_data -client project -key product_version -value "SDK v2015.4" -context "software_version_and_target_device"
# webtalk_add_data -client project -key build_version -value "2015.4" -context "software_version_and_target_device"
# webtalk_add_data -client project -key os_platform -value "amd64" -context "software_version_and_target_device"
# webtalk_add_data -client project -key registration_id -value "" -context "software_version_and_target_device"
# webtalk_add_data -client project -key tool_flow -value "SDK" -context "software_version_and_target_device"
# webtalk_add_data -client project -key beta -value "false" -context "software_version_and_target_device"
# webtalk_add_data -client project -key route_design -value "NA" -context "software_version_and_target_device"
# webtalk_add_data -client project -key target_family -value "NA" -context "software_version_and_target_device"
# webtalk_add_data -client project -key target_device -value "NA" -context "software_version_and_target_device"
# webtalk_add_data -client project -key target_package -value "NA" -context "software_version_and_target_device"
# webtalk_add_data -client project -key target_speed -value "NA" -context "software_version_and_target_device"
# webtalk_add_data -client project -key random_id -value "8vafda4qm7v0sb0pmia342v2g1" -context "software_version_and_target_device"
# webtalk_add_data -client project -key project_id -value "2015.4_35" -context "software_version_and_target_device"
# webtalk_add_data -client project -key project_iteration -value "35" -context "software_version_and_target_device"
# webtalk_add_data -client project -key os_name -value "" -context "user_environment"
# webtalk_add_data -client project -key os_release -value "" -context "user_environment"
# webtalk_add_data -client project -key cpu_name -value "" -context "user_environment"
# webtalk_add_data -client project -key cpu_speed -value "" -context "user_environment"
# webtalk_add_data -client project -key total_processors -value "" -context "user_environment"
# webtalk_add_data -client project -key system_ram -value "" -context "user_environment"
# webtalk_register_client -client sdk
# webtalk_add_data -client sdk -key uid -value "1480511760000" -context "sdk\\\\hardware/1480511760000"
# webtalk_add_data -client sdk -key isZynq -value "true" -context "sdk\\\\hardware/1480511760000"
# webtalk_add_data -client sdk -key Processors -value "2" -context "sdk\\\\hardware/1480511760000"
# webtalk_add_data -client sdk -key VivadoVersion -value "2015.4" -context "sdk\\\\hardware/1480511760000"
# webtalk_add_data -client sdk -key Arch -value "zynq" -context "sdk\\\\hardware/1480511760000"
# webtalk_add_data -client sdk -key Device -value "7z020" -context "sdk\\\\hardware/1480511760000"
# webtalk_add_data -client sdk -key IsHandoff -value "true" -context "sdk\\\\hardware/1480511760000"
# webtalk_add_data -client sdk -key uid -value "1480511783000" -context "sdk\\\\bsp/1480511783000"
# webtalk_add_data -client sdk -key hwid -value "1480511760000" -context "sdk\\\\bsp/1480511783000"
# webtalk_add_data -client sdk -key os -value "standalone" -context "sdk\\\\bsp/1480511783000"
# webtalk_add_data -client sdk -key apptemplate -value "zynq_fsbl" -context "sdk\\\\bsp/1480511783000"
# webtalk_add_data -client sdk -key uid -value "1480511793000" -context "sdk\\\\application/1480511793000"
# webtalk_add_data -client sdk -key hwid -value "1480511760000" -context "sdk\\\\application/1480511793000"
# webtalk_add_data -client sdk -key bspid -value "1480511783000" -context "sdk\\\\application/1480511793000"
# webtalk_add_data -client sdk -key newbsp -value "true" -context "sdk\\\\application/1480511793000"
# webtalk_add_data -client sdk -key os -value "standalone" -context "sdk\\\\application/1480511793000"
# webtalk_add_data -client sdk -key apptemplate -value "zynq_fsbl" -context "sdk\\\\application/1480511793000"
# webtalk_transmit -clientid 3305264256 -regid "" -xml /home/sefo/devel/dev_boards/zedBoard/self-backed/hdl/projects/adv7511/zed/adv7511_zed.sdk/webtalk/usage_statistics_ext_sdk.xml -html /home/sefo/devel/dev_boards/zedBoard/self-backed/hdl/projects/adv7511/zed/adv7511_zed.sdk/webtalk/usage_statistics_ext_sdk.html -wdm /home/sefo/devel/dev_boards/zedBoard/self-backed/hdl/projects/adv7511/zed/adv7511_zed.sdk/webtalk/sdk_webtalk.wdm -intro "<H3>SDK Usage Report</H3><BR>"
# webtalk_terminate
INFO: [Common 17-206] Exiting Webtalk at Wed Nov 30 14:59:25 2016...
