#-----------------------------------------------------------
# Webtalk v2015.4 (64-bit)
# SW Build 1412921 on Wed Nov 18 09:44:32 MST 2015
# 
# Start of session at: Sun Nov 27 15:28:22 2016
# Process ID: 10017
# Current directory: /home/sefo/devel/dev_boards/zedBoard/self-backed/hdl/projects/adv7511/zed/adv7511_zed.sdk/webtalk
# Command line: wbtcv -mode batch -source sdk_webtalk.tcl
# Log file: /home/sefo/devel/dev_boards/zedBoard/self-backed/hdl/projects/adv7511/zed/adv7511_zed.sdk/webtalk/webtalk.log
# Journal file: /home/sefo/devel/dev_boards/zedBoard/self-backed/hdl/projects/adv7511/zed/adv7511_zed.sdk/webtalk/webtalk.jou
#-----------------------------------------------------------
source sdk_webtalk.tcl
# webtalk_init -webtalk_dir /home/sefo/devel/dev_boards/zedBoard/self-backed/hdl/projects/adv7511/zed/adv7511_zed.sdk/webtalk
# webtalk_register_client -client project
# webtalk_add_data -client project -key date_generated -value "So Nov 27 15:28:22 2016" -context "software_version_and_target_device"
# webtalk_add_data -client project -key product_version -value "SDK v2015.4" -context "software_version_and_target_device"
# webtalk_add_data -client project -key build_version -value "2015.4" -context "software_version_and_target_device"
# webtalk_add_data -client project -key os_platform -value "amd64" -context "software_version_and_target_device"
# webtalk_add_data -client project -key registration_id -value "" -context "software_version_and_target_device"
# webtalk_add_data -client project -key tool_flow -value "SDK" -context "software_version_and_target_device"
# webtalk_add_data -client project -key beta -value "false" -context "software_version_and_target_device"
# webtalk_add_data -client project -key route_design -value "NA" -context "software_version_and_target_device"
# webtalk_add_data -client project -key target_family -value "NA" -context "software_version_and_target_device"
# webtalk_add_data -client project -key target_device -value "NA" -context "software_version_and_target_device"
# webtalk_add_data -client project -key target_package -value "NA" -context "software_version_and_target_device"
# webtalk_add_data -client project -key target_speed -value "NA" -context "software_version_and_target_device"
# webtalk_add_data -client project -key random_id -value "nh2eseoudfiodu15r1g11em60g" -context "software_version_and_target_device"
# webtalk_add_data -client project -key project_id -value "2015.4_22" -context "software_version_and_target_device"
# webtalk_add_data -client project -key project_iteration -value "22" -context "software_version_and_target_device"
# webtalk_add_data -client project -key os_name -value "" -context "user_environment"
# webtalk_add_data -client project -key os_release -value "" -context "user_environment"
# webtalk_add_data -client project -key cpu_name -value "" -context "user_environment"
# webtalk_add_data -client project -key cpu_speed -value "" -context "user_environment"
# webtalk_add_data -client project -key total_processors -value "" -context "user_environment"
# webtalk_add_data -client project -key system_ram -value "" -context "user_environment"
# webtalk_register_client -client sdk
# webtalk_add_data -client sdk -key uid -value "1480254146000" -context "sdk\\\\bsp/1480254146000"
# webtalk_add_data -client sdk -key hwid -value "1480102584000" -context "sdk\\\\bsp/1480254146000"
# webtalk_add_data -client sdk -key os -value "standalone" -context "sdk\\\\bsp/1480254146000"
# webtalk_add_data -client sdk -key apptemplate -value "zynq_fsbl" -context "sdk\\\\bsp/1480254146000"
# webtalk_add_data -client sdk -key uid -value "1480254160000" -context "sdk\\\\application/1480254160000"
# webtalk_add_data -client sdk -key hwid -value "1480102584000" -context "sdk\\\\application/1480254160000"
# webtalk_add_data -client sdk -key bspid -value "1480254146000" -context "sdk\\\\application/1480254160000"
# webtalk_add_data -client sdk -key newbsp -value "true" -context "sdk\\\\application/1480254160000"
# webtalk_add_data -client sdk -key os -value "standalone" -context "sdk\\\\application/1480254160000"
# webtalk_add_data -client sdk -key apptemplate -value "zynq_fsbl" -context "sdk\\\\application/1480254160000"
# webtalk_transmit -clientid 3361429727 -regid "" -xml /home/sefo/devel/dev_boards/zedBoard/self-backed/hdl/projects/adv7511/zed/adv7511_zed.sdk/webtalk/usage_statistics_ext_sdk.xml -html /home/sefo/devel/dev_boards/zedBoard/self-backed/hdl/projects/adv7511/zed/adv7511_zed.sdk/webtalk/usage_statistics_ext_sdk.html -wdm /home/sefo/devel/dev_boards/zedBoard/self-backed/hdl/projects/adv7511/zed/adv7511_zed.sdk/webtalk/sdk_webtalk.wdm -intro "<H3>SDK Usage Report</H3><BR>"
# webtalk_terminate
INFO: [Common 17-206] Exiting Webtalk at Sun Nov 27 15:28:22 2016...
